<?xml version="1.0" encoding="UTF-8"?>
<!-- Generated by org.testng.reporters.JUnitXMLReporter -->
<testsuite ignored="0" hostname="PT-IN-HY-LP099" failures="0" tests="4" name="Add Employee Test" time="41.516" errors="0" timestamp="2023-04-24T15:09:19 IST">
  <testcase classname="com.qa.skioffice.testcases.AddEmployeePage" name="employeeTabClick" time="6.267"/>
  <testcase classname="com.qa.skioffice.testcases.AddEmployeePage" name="addEmployeeButtonClick" time="3.128"/>
  <testcase classname="com.qa.skioffice.testcases.AddEmployeePage" name="addEmployeeStep1" time="5.98"/>
  <testcase classname="com.qa.skioffice.testcases.AddEmployeePage" name="addEmployeeStep2" time="4.112"/>
</testsuite> <!-- Add Employee Test -->
