<?xml version="1.0" encoding="UTF-8"?>
<!-- Generated by org.testng.reporters.JUnitXMLReporter -->
<testsuite ignored="0" hostname="PT-IN-HY-LP099" failures="0" tests="4" name="Login page Test" time="14.794" errors="0" timestamp="2023-04-25T11:44:19 IST">
  <testcase classname="com.qa.skioffice.testcases.LoginPageTest" name="loginPageTitleTest" time="0.201"/>
  <testcase classname="com.qa.skioffice.testcases.LoginPageTest" name="forgotPwdLinkExist" time="0.102"/>
  <testcase classname="com.qa.skioffice.testcases.LoginPageTest" name="resetPwdTest" time="1.59"/>
  <testcase classname="com.qa.skioffice.testcases.LoginPageTest" name="loginTest" time="0.49"/>
</testsuite> <!-- Login page Test -->
