<?xml version="1.0" encoding="UTF-8"?>
<!-- Generated by org.testng.reporters.JUnitXMLReporter -->
<testsuite ignored="0" hostname="PT-IN-HY-LP099" failures="0" tests="4" name="Test" time="34.973" errors="0" timestamp="2023-04-24T10:38:30 IST">
  <testcase classname="com.qa.skioffice.testcases.AddEmployeePage" name="employeeTabClick" time="6.307"/>
  <testcase classname="com.qa.skioffice.testcases.AddEmployeePage" name="addEmployeeButtonClick" time="3.121"/>
  <testcase classname="com.qa.skioffice.testcases.AddEmployeePage" name="addEmployeeStep1" time="5.864"/>
  <testcase classname="com.qa.skioffice.testcases.AddEmployeePage" name="addEmployeeStep2" time="4.083"/>
</testsuite> <!-- Test -->
