<?xml version="1.0" encoding="UTF-8"?>
<!-- Generated by org.testng.reporters.JUnitXMLReporter -->
<testsuite ignored="0" hostname="PT-IN-HY-LP099" failures="0" tests="4" name="Test" time="34.808" errors="0" timestamp="2023-04-24T09:29:46 IST">
  <testcase classname="com.qa.skioffice.testcases.AddEmployeePage" name="employeeTabClick" time="6.278"/>
  <testcase classname="com.qa.skioffice.testcases.AddEmployeePage" name="addEmployeeButtonClick" time="3.135"/>
  <testcase classname="com.qa.skioffice.testcases.AddEmployeePage" name="addEmployeeStep1" time="5.741"/>
  <testcase classname="com.qa.skioffice.testcases.AddEmployeePage" name="addEmployeeStep2" time="4.121"/>
</testsuite> <!-- Test -->
