<?xml version="1.0" encoding="UTF-8"?>
<testng-results ignored="0" total="1" passed="1" failed="0" skipped="0">
  <reporter-output>
  </reporter-output>
  <suite started-at="2023-04-27T13:45:57 IST" name="Default suite" finished-at="2023-04-27T13:46:23 IST" duration-ms="25449">
    <groups>
    </groups>
    <test started-at="2023-04-27T13:45:57 IST" name="Default test" finished-at="2023-04-27T13:46:23 IST" duration-ms="25449">
      <class name="com.qa.skioffice.testcases.SanityTest">
        <test-method is-config="true" signature="setup()[pri:0, instance:com.qa.skioffice.testcases.SanityTest@4ff8d125]" started-at="2023-04-27T13:45:57 IST" name="setup" finished-at="2023-04-27T13:46:04 IST" duration-ms="6445" status="PASS">
          <reporter-output>
          </reporter-output>
        </test-method> <!-- setup -->
        <test-method is-config="true" signature="employeeSetup()[pri:0, instance:com.qa.skioffice.testcases.SanityTest@4ff8d125]" started-at="2023-04-27T13:46:04 IST" name="employeeSetup" finished-at="2023-04-27T13:46:15 IST" duration-ms="11478" status="PASS">
          <reporter-output>
          </reporter-output>
        </test-method> <!-- employeeSetup -->
        <test-method signature="VerifyLinks()[pri:1, instance:com.qa.skioffice.testcases.SanityTest@4ff8d125]" started-at="2023-04-27T13:46:15 IST" name="VerifyLinks" finished-at="2023-04-27T13:46:23 IST" duration-ms="7323" status="PASS">
          <reporter-output>
          </reporter-output>
        </test-method> <!-- VerifyLinks -->
      </class> <!-- com.qa.skioffice.testcases.SanityTest -->
    </test> <!-- Default test -->
  </suite> <!-- Default suite -->
</testng-results>
